# JRE version: Java(TM) SE Runtime Environment (17.0.12+8) (build 17.0.12+8-LTS-286)
# Java VM: Java HotSpot(TM) 64-Bit Server VM (17.0.12+8-LTS-286, mixed mode, tiered, compressed oops, compressed class ptrs, g1 gc, windows-amd64)
GC Precious Log:
 CPUs: 8 total, 8 available
 Memory: 8035M
 Large Page Support: Disabled
 NUMA Support: Disabled
 Compressed Oops: Enabled (32-bit)
 Heap Region Size: 1M
 Heap Min Capacity: 8M
 Heap Initial Capacity: 126M
 Heap Max Capacity: 1536M
 Pre-touch: Disabled
 Parallel Workers: 8
 Concurrent Workers: 2
 Concurrent Refinement Workers: 8
 Periodic GC: Disabled
Heap:
 garbage-first heap   total 75776K, used 52399K [0x00000000a0000000, 0x0000000100000000)
  region size 1024K, 33 young (33792K), 3 survivors (3072K)
 Metaspace       used 29806K, committed 30144K, reserved 1114112K
  class space    used 3833K, committed 3968K, reserved 1048576K
GC Heap History (10 events):
Event: 5.671 GC heap before
{Heap before GC invocations=0 (full 0):
 garbage-first heap   total 129024K, used 22528K [0x00000000a0000000, 0x0000000100000000)
  region size 1024K, 23 young (23552K), 0 survivors (0K)
 Metaspace       used 7437K, committed 7616K, reserved 1114112K
  class space    used 629K, committed 704K, reserved 1048576K
}
Event: 5.678 GC heap after
{Heap after GC invocations=1 (full 0):
 garbage-first heap   total 129024K, used 2133K [0x00000000a0000000, 0x0000000100000000)
  region size 1024K, 3 young (3072K), 3 survivors (3072K)
 Metaspace       used 7437K, committed 7616K, reserved 1114112K
  class space    used 629K, committed 704K, reserved 1048576K
}
Event: 6.895 GC heap before
{Heap before GC invocations=1 (full 0):
 garbage-first heap   total 129024K, used 41045K [0x00000000a0000000, 0x0000000100000000)
  region size 1024K, 39 young (39936K), 3 survivors (3072K)
 Metaspace       used 11436K, committed 11648K, reserved 1114112K
  class space    used 1179K, committed 1280K, reserved 1048576K
}
Event: 6.904 GC heap after
{Heap after GC invocations=2 (full 0):
 garbage-first heap   total 129024K, used 10875K [0x00000000a0000000, 0x0000000100000000)
  region size 1024K, 5 young (5120K), 5 survivors (5120K)
 Metaspace       used 11436K, committed 11648K, reserved 1114112K
  class space    used 1179K, committed 1280K, reserved 1048576K
}
Event: 7.883 GC heap before
{Heap before GC invocations=2 (full 0):
 garbage-first heap   total 129024K, used 59003K [0x00000000a0000000, 0x0000000100000000)
  region size 1024K, 50 young (51200K), 5 survivors (5120K)
 Metaspace       used 11828K, committed 11968K, reserved 1114112K
  class space    used 1241K, committed 1344K, reserved 1048576K
}
Event: 7.895 GC heap after
{Heap after GC invocations=3 (full 0):
 garbage-first heap   total 129024K, used 16964K [0x00000000a0000000, 0x0000000100000000)
  region size 1024K, 5 young (5120K), 5 survivors (5120K)
 Metaspace       used 11828K, committed 11968K, reserved 1114112K
  class space    used 1241K, committed 1344K, reserved 1048576K
}
Event: 10.401 GC heap before
{Heap before GC invocations=3 (full 0):
 garbage-first heap   total 129024K, used 51780K [0x00000000a0000000, 0x0000000100000000)
  region size 1024K, 40 young (40960K), 5 survivors (5120K)
 Metaspace       used 21290K, committed 21504K, reserved 1114112K
  class space    used 2441K, committed 2560K, reserved 1048576K
}
Event: 10.412 GC heap after
{Heap after GC invocations=4 (full 0):
 garbage-first heap   total 129024K, used 20566K [0x00000000a0000000, 0x0000000100000000)
  region size 1024K, 8 young (8192K), 8 survivors (8192K)
 Metaspace       used 21290K, committed 21504K, reserved 1114112K
  class space    used 2441K, committed 2560K, reserved 1048576K
}
Event: 11.917 GC heap before
{Heap before GC invocations=5 (full 0):
 garbage-first heap   total 75776K, used 56406K [0x00000000a0000000, 0x0000000100000000)
  region size 1024K, 44 young (45056K), 8 survivors (8192K)
 Metaspace       used 26395K, committed 26688K, reserved 1114112K
  class space    used 3268K, committed 3392K, reserved 1048576K
}
Event: 11.928 GC heap after
{Heap after GC invocations=6 (full 0):
 garbage-first heap   total 75776K, used 22703K [0x00000000a0000000, 0x0000000100000000)
  region size 1024K, 3 young (3072K), 3 survivors (3072K)
 Metaspace       used 26395K, committed 26688K, reserved 1114112K
  class space    used 3268K, committed 3392K, reserved 1048576K
}

