# JRE version: OpenJDK Runtime Environment Temurin-21.0.10+7 (21.0.10+7) (build 21.0.10+7-LTS)
# Java VM: OpenJDK 64-Bit Server VM Temurin-21.0.10+7 (21.0.10+7-LTS, mixed mode, sharing, tiered, compressed oops, compressed class ptrs, g1 gc, windows-amd64)
GC Precious Log:
 CardTable entry size: 512
 Card Set container configuration: InlinePtr #cards 5 size 8 Array Of Cards #cards 12 size 40 Howl #buckets 4 coarsen threshold 1843 Howl Bitmap #cards 512 size 80 coarsen threshold 460 Card regions per heap region 1 cards per card region 2048
 CPUs: 8 total, 8 available
 Memory: 8035M
 Large Page Support: Disabled
 NUMA Support: Disabled
 Compressed Oops: Enabled (32-bit)
 Heap Region Size: 1M
 Heap Min Capacity: 8M
 Heap Initial Capacity: 126M
 Heap Max Capacity: 2010M
 Pre-touch: Disabled
 Parallel Workers: 8
 Concurrent Workers: 2
 Concurrent Refinement Workers: 8
 Periodic GC: Disabled
Heap:
 garbage-first heap   total 148480K, used 105652K [0x0000000082600000, 0x0000000100000000)
  region size 1024K, 19 young (19456K), 5 survivors (5120K)
 Metaspace       used 65564K, committed 66496K, reserved 1114112K
  class space    used 7374K, committed 7808K, reserved 1048576K
GC Heap History (20 events):
Event: 10.724 GC heap before
{Heap before GC invocations=9 (full 0):
 garbage-first heap   total 107520K, used 91470K [0x0000000082600000, 0x0000000100000000)
  region size 1024K, 45 young (46080K), 6 survivors (6144K)
 Metaspace       used 47143K, committed 47936K, reserved 1114112K
  class space    used 5858K, committed 6208K, reserved 1048576K
}
Event: 10.741 GC heap after
{Heap after GC invocations=10 (full 0):
 garbage-first heap   total 107520K, used 53644K [0x0000000082600000, 0x0000000100000000)
  region size 1024K, 3 young (3072K), 3 survivors (3072K)
 Metaspace       used 47143K, committed 47936K, reserved 1114112K
  class space    used 5858K, committed 6208K, reserved 1048576K
}
Event: 12.596 GC heap before
{Heap before GC invocations=10 (full 0):
 garbage-first heap   total 107520K, used 92556K [0x0000000082600000, 0x0000000100000000)
  region size 1024K, 41 young (41984K), 3 survivors (3072K)
 Metaspace       used 50146K, committed 51008K, reserved 1114112K
  class space    used 6087K, committed 6464K, reserved 1048576K
}
Event: 12.626 GC heap after
{Heap after GC invocations=11 (full 0):
 garbage-first heap   total 129024K, used 61257K [0x0000000082600000, 0x0000000100000000)
  region size 1024K, 6 young (6144K), 6 survivors (6144K)
 Metaspace       used 50146K, committed 51008K, reserved 1114112K
  class space    used 6087K, committed 6464K, reserved 1048576K
}
Event: 15.000 GC heap before
{Heap before GC invocations=12 (full 0):
 garbage-first heap   total 129024K, used 109385K [0x0000000082600000, 0x0000000100000000)
  region size 1024K, 53 young (54272K), 6 survivors (6144K)
 Metaspace       used 53964K, committed 54848K, reserved 1114112K
  class space    used 6491K, committed 6912K, reserved 1048576K
}
Event: 15.020 GC heap after
{Heap after GC invocations=13 (full 0):
 garbage-first heap   total 129024K, used 67263K [0x0000000082600000, 0x0000000100000000)
  region size 1024K, 6 young (6144K), 6 survivors (6144K)
 Metaspace       used 53964K, committed 54848K, reserved 1114112K
  class space    used 6491K, committed 6912K, reserved 1048576K
}
Event: 16.505 GC heap before
{Heap before GC invocations=13 (full 0):
 garbage-first heap   total 129024K, used 112319K [0x0000000082600000, 0x0000000100000000)
  region size 1024K, 49 young (50176K), 6 survivors (6144K)
 Metaspace       used 55358K, committed 56256K, reserved 1114112K
  class space    used 6536K, committed 6912K, reserved 1048576K
}
Event: 16.525 GC heap after
{Heap after GC invocations=14 (full 0):
 garbage-first heap   total 129024K, used 72199K [0x0000000082600000, 0x0000000100000000)
  region size 1024K, 6 young (6144K), 6 survivors (6144K)
 Metaspace       used 55358K, committed 56256K, reserved 1114112K
  class space    used 6536K, committed 6912K, reserved 1048576K
}
Event: 18.198 GC heap before
{Heap before GC invocations=14 (full 0):
 garbage-first heap   total 129024K, used 113159K [0x0000000082600000, 0x0000000100000000)
  region size 1024K, 46 young (47104K), 6 survivors (6144K)
 Metaspace       used 56367K, committed 57216K, reserved 1114112K
  class space    used 6559K, committed 6976K, reserved 1048576K
}
Event: 18.215 GC heap after
{Heap after GC invocations=15 (full 0):
 garbage-first heap   total 129024K, used 77707K [0x0000000082600000, 0x0000000100000000)
  region size 1024K, 5 young (5120K), 5 survivors (5120K)
 Metaspace       used 56367K, committed 57216K, reserved 1114112K
  class space    used 6559K, committed 6976K, reserved 1048576K
}
Event: 20.126 GC heap before
{Heap before GC invocations=16 (full 0):
 garbage-first heap   total 130048K, used 116619K [0x0000000082600000, 0x0000000100000000)
  region size 1024K, 41 young (41984K), 5 survivors (5120K)
 Metaspace       used 56968K, committed 57856K, reserved 1114112K
  class space    used 6584K, committed 6976K, reserved 1048576K
}
Event: 20.150 GC heap after
{Heap after GC invocations=17 (full 0):
 garbage-first heap   total 130048K, used 83922K [0x0000000082600000, 0x0000000100000000)
  region size 1024K, 4 young (4096K), 4 survivors (4096K)
 Metaspace       used 56968K, committed 57856K, reserved 1114112K
  class space    used 6584K, committed 6976K, reserved 1048576K
}
Event: 21.835 GC heap before
{Heap before GC invocations=17 (full 0):
 garbage-first heap   total 130048K, used 117714K [0x0000000082600000, 0x0000000100000000)
  region size 1024K, 37 young (37888K), 4 survivors (4096K)
 Metaspace       used 57413K, committed 58304K, reserved 1114112K
  class space    used 6623K, committed 7040K, reserved 1048576K
}
Event: 21.858 GC heap after
{Heap after GC invocations=18 (full 0):
 garbage-first heap   total 130048K, used 85909K [0x0000000082600000, 0x0000000100000000)
  region size 1024K, 4 young (4096K), 4 survivors (4096K)
 Metaspace       used 57413K, committed 58304K, reserved 1114112K
  class space    used 6623K, committed 7040K, reserved 1048576K
}
Event: 24.365 GC heap before
{Heap before GC invocations=18 (full 0):
 garbage-first heap   total 130048K, used 117653K [0x0000000082600000, 0x0000000100000000)
  region size 1024K, 35 young (35840K), 4 survivors (4096K)
 Metaspace       used 57853K, committed 58688K, reserved 1114112K
  class space    used 6649K, committed 7040K, reserved 1048576K
}
Event: 24.383 GC heap after
{Heap after GC invocations=19 (full 0):
 garbage-first heap   total 130048K, used 88812K [0x0000000082600000, 0x0000000100000000)
  region size 1024K, 3 young (3072K), 3 survivors (3072K)
 Metaspace       used 57853K, committed 58688K, reserved 1114112K
  class space    used 6649K, committed 7040K, reserved 1048576K
}
Event: 26.582 GC heap before
{Heap before GC invocations=20 (full 0):
 garbage-first heap   total 148480K, used 119532K [0x0000000082600000, 0x0000000100000000)
  region size 1024K, 33 young (33792K), 3 survivors (3072K)
 Metaspace       used 59046K, committed 59904K, reserved 1114112K
  class space    used 6759K, committed 7168K, reserved 1048576K
}
Event: 26.595 GC heap after
{Heap after GC invocations=21 (full 0):
 garbage-first heap   total 148480K, used 90995K [0x0000000082600000, 0x0000000100000000)
  region size 1024K, 2 young (2048K), 2 survivors (2048K)
 Metaspace       used 59046K, committed 59904K, reserved 1114112K
  class space    used 6759K, committed 7168K, reserved 1048576K
}
Event: 28.311 GC heap before
{Heap before GC invocations=21 (full 0):
 garbage-first heap   total 148480K, used 136051K [0x0000000082600000, 0x0000000100000000)
  region size 1024K, 46 young (47104K), 2 survivors (2048K)
 Metaspace       used 65021K, committed 65920K, reserved 1114112K
  class space    used 7334K, committed 7744K, reserved 1048576K
}
Event: 28.325 GC heap after
{Heap after GC invocations=22 (full 0):
 garbage-first heap   total 148480K, used 92340K [0x0000000082600000, 0x0000000100000000)
  region size 1024K, 5 young (5120K), 5 survivors (5120K)
 Metaspace       used 65021K, committed 65920K, reserved 1114112K
  class space    used 7334K, committed 7744K, reserved 1048576K
}

